<?xml version="1.0" encoding="UTF-8"?>
<!-- Generated by org.testng.reporters.JUnitReportReporter -->
<testsuite hostname="DESKTOP-83JUM21" failures="0" tests="1" name="practice.Docker_Firefox" time="107.472" errors="0" timestamp="2020-05-12T15:58:09 IST" skipped="0">
  <testcase classname="practice.Docker_Firefox" name="firefox" time="107.472"/>
</testsuite> <!-- practice.Docker_Firefox -->
