<?xml version="1.0" encoding="UTF-8"?>
<!-- Generated by org.testng.reporters.JUnitReportReporter -->
<testsuite hostname="DESKTOP-83JUM21" failures="0" tests="1" name="practice.Docker_Chrome" time="75.730" errors="0" timestamp="2020-05-12T15:58:09 IST" skipped="0">
  <testcase classname="practice.Docker_Chrome" name="chrome" time="75.730"/>
</testsuite> <!-- practice.Docker_Chrome -->
