<?xml version="1.0" encoding="UTF-8"?>
<!-- Generated by org.testng.reporters.JUnitReportReporter -->
<testsuite hostname="DESKTOP-83JUM21" failures="0" tests="1" name="practice.Docker_Chrome" time="100.445" errors="0" timestamp="2020-05-12T16:13:03 IST" skipped="0">
  <testcase classname="practice.Docker_Chrome" name="chrome" time="100.445"/>
</testsuite> <!-- practice.Docker_Chrome -->
